[-= DeJunk Last Log =-]

Log Time: 2010-07-23  23:09:20

Search Address:
	0x004064CC ~ 0x004074CC

Search Type:
	TELock

Find junk code in:
	0x004064CC
	0x00406511
	0x00406519
	0x0040652F
	0x00406535
	0x00406571
	0x0040657B
	0x004065B5
	0x004065BC
	0x004065C3
	0x00406600
	0x00406627
	0x00406634
	0x00406637
	0x0040663E
	0x00406662
	0x0040666B
	0x0040668D
	0x00406695
	0x004066C7
	0x004066E9
	0x004066EC
	0x004066EF
	0x0040670A
	0x0040672E
	0x00406731
	0x00406773
	0x00406776
	0x004067B9
	0x004067BC
	0x004067C4
	0x004067DE
	0x004067F8
	0x00406836
	0x00406854
	0x00406871
	0x004068A0
	0x004068C8
	0x004068EC
	0x004068F5
	0x00406913
	0x00406916
	0x0040691B
	0x00406939
	0x0040693C
	0x00406941
	0x00406963
	0x0040696D
	0x00406994
	0x00406997
	0x004069AC
	0x00406A06
	0x00406A09
	0x00406A0C
	0x00406A79
	0x00406A99
	0x00406AA8
	0x00406ACF
	0x00406AD2
	0x00406B07
	0x00406B3E
	0x00406B50
	0x00406B70
	0x00406BB2
	0x00406BC2
	0x00406BC6
	0x00406BFC
	0x00406BFF
	0x00406C09
	0x00406C28
	0x00406C82
	0x00406C93
	0x00406CB3
	0x00406D31
	0x00406D45
	0x00406D4B
	0x00406D5A
	0x00406D67
	0x00406D84
	0x00406D8A
	0x00406D8D
	0x00406D98
	0x00406DE8
	0x00406DEE
	0x00406E22
	0x00406E40
	0x00406E70
	0x00406EDA
	0x00406F38
	0x00406F3B
	0x00406F8A
	0x00406F92
	0x00406FD3
	0x00406FDD
	0x0040700C
	0x00407022
	0x0040704F
	0x00407052
	0x00407066
	0x00407069
	0x0040708A
	0x004070C3
	0x004070E7
	0x004070F2
	0x0040710C
	0x00407112
	0x00407115
	0x0040713B
	0x00407147
	0x0040714A
	0x0040714D
	0x0040716C
	0x00407178
	0x004071ED
	0x004072CF
	0x004072D8
	0x0040730F
	0x00407338
	0x00407346
	0x0040735A
	0x0040735D
	0x004073B5
	0x004073B8
	0x004073D0
	0x004073D8
	0x004073E0
	0x004073E8
	0x00407431
	0x00407458
	0x0040745B
	0x0040746B
	0x00407472
	0x00407497
	0x004074A6
	0x004074AD
	0x004074B0
	0x004074B3
	0x004064CC
	0x0040650A
	0x0040656E
	0x0040664F
	0x004066F4
	0x00406712
	0x0040673C
	0x0040677A
	0x004067DB
	0x004067E9
	0x0040682D
	0x00406831
	0x004068A6
	0x004068CE
	0x004068F0
	0x00406960
	0x004069B8
	0x00406A43
	0x00406A4E
	0x00406A76
	0x00406A84
	0x00406AFD
	0x00406B3B
	0x00406B8B
	0x00406BB6
	0x00406C19
	0x00406C5A
	0x00406C67
	0x00406CA4
	0x00406CDF
	0x00406D12
	0x00406D16
	0x00406D35
	0x00406D3D
	0x00406DD1
	0x00406DF7
	0x00406E05
	0x00406E26
	0x00406E2A
	0x00406E44
	0x00406ED7
	0x00406F83
	0x00406F87
	0x00406FFB
	0x00407015
	0x00407060
	0x00407072
	0x004070CA
	0x004070CE
	0x00407169
	0x00407175
	0x0040731B
	0x004073AF
	0x004073C8
	0x0040746F
	0x00407476
	0x0040747A
	0x0040749B
	0x00406506
	0x0040655D
	0x004065F5
	0x0040663B
	0x00406644
	0x004066E3
	0x0040674C
	0x004067AF
	0x004067CB
	0x00406808
	0x00406858
	0x0040686E
	0x0040689D
	0x004068C5
	0x004069C3
	0x004069CF
	0x00406AE4
	0x00406AF1
	0x00406B13
	0x00406B6D
	0x00406B7B
	0x00406BF2
	0x00406C72
	0x00406C7F
	0x00406C8B
	0x00406D2E
	0x00406DC2
	0x00406DD9
	0x00406E0D
	0x00406E64
	0x00406E68
	0x00406FF7
	0x00407002
	0x0040703F
	0x00407063
	0x004070AE
	0x0040710F
	0x00407129
	0x004071EB
	0x004072D5
	0x004072E8
	0x004073B2
	0x004073FE
	0x00407414
	0x0040741B
	0x0040744C
	0x00407450
	0x0040747E
	0x0040748C
	0x00407490
	0x00407494
	0x0040749F

247 junk code were replace.